C51 COMPILER V9.54   DEVICE                                                                12/30/2020 11:42:48 PAGE 1   


C51 COMPILER V9.54, COMPILATION OF MODULE DEVICE
OBJECT MODULE PLACED IN .\Objects\Device.obj
COMPILER INVOKED BY: D:\MySoftWareInstall\Keil_v5\C51\BIN\C51.EXE Device.c OPTIMIZE(8,SPEED) BROWSE DEBUG OBJECTEXTEND P
                    -RINT(.\Listings\Device.lst) TABS(2) OBJECT(.\Objects\Device.obj)

line level    source

   1          #include "reg52.h"       //此文件中定义了单片机的一些特殊功能寄存器
   2          typedef unsigned int u16;   //对数据类型进行声明定义
   3          typedef unsigned char u8;
   4          sbit led4=P1^3;
   5          u8 dat;
   6          
   7          void Init(void);//串口初始化函数
   8          void Delay_ms(u16 n);//延时子函数
   9          void Sent_ZF(u8 dat);//发送一个字节
  10          void AT_Send_String(u8 *string);//发送字符串
  11          void ESP8266_Init();//ESP8266初始化
  12          void senddata();
  13          
  14          void Init(void)   //串口初始化函数
  15          {
  16   1       
  17   1        TMOD=0x20;  //定时器工作方式2,8位自动重载(0010 0000)
  18   1        TL1=0xfd;   //装入初值
  19   1        TH1=0xfd;   
  20   1        TR1=1;  //启动定时器1
  21   1        REN=1;    //允许串行口接收数据
  22   1        SM0=0;    //工作方式1,10位异步收发
  23   1        SM1=1;   
  24   1        EA=1;   //打开全局中断控制
  25   1        ES=1;     //打开串行口中断
  26   1      }
  27          /*******************************************************************************
  28          * 函 数 名         : delay
  29          * 函数功能       : 延时函数，i=1时，大约延时10us
  30          *******************************************************************************/
  31          void Delay_ms(u16 i)
  32          {
  33   1        while(i--); 
  34   1      }
  35          
  36          /*******************************************************************************
  37          * 函 数 名       : main
  38          * 函数功能     : 主函数
  39          * 输    入       : 无
  40          * 输    出       : 无
  41          *******************************************************************************/
  42          void main()
  43          { 
  44   1        Init();
  45   1        //P1=0Xff;
  46   1        ESP8266_Init(); //8266初始化，设置为STA模式，连接WiFi
  47   1        while(1){
  48   2          senddata(); //发送数据  
  49   2        }
  50   1      }
  51          
  52           void Sent_ZF(u8 dat)  //发送一个字节
  53          {
  54   1        ES=0;  //关闭串行口中断
C51 COMPILER V9.54   DEVICE                                                                12/30/2020 11:42:48 PAGE 2   

  55   1        TI=0;  //关闭发送中断标志位
  56   1        SBUF=dat;
  57   1        while(!TI);
  58   1          TI=0;
  59   1          ES=1; //打开串行口中断
  60   1      }
  61          void AT_Send_String(u8 *string)  //发送字符串
  62          {
  63   1        while(*string!='\0')
  64   1        {
  65   2          Sent_ZF(*string);
  66   2          //每次发送一位数据
  67   2        string++;
  68   2        Delay_ms(1000);
  69   2        }
  70   1      
  71   1      }
  72          void ESP8266_Init()   //ESP8266初始化
  73          { 
  74   1        Delay_ms(1000);
  75   1        AT_Send_String("AT+RST\r\n");  //重启模块
  76   1        Delay_ms(1000);
  77   1        AT_Send_String("AT+CWMODE=1\r\n");  //设置STA模式
  78   1        Delay_ms(1000);
  79   1        AT_Send_String("AT+CIFSR\r\n");  //查询本地ip地址
  80   1        Delay_ms(1000);
  81   1        AT_Send_String("AT+CWJAP=\"dingler_wifi\",\"dingler54321\"\r\n");  //连接wifi
  82   1        Delay_ms(1000);
  83   1        AT_Send_String("AT+CIPMUX=0\r\n");  //设置为单连接模式，启动模块
  84   1        Delay_ms(1000);
  85   1        
  86   1      
  87   1        
  88   1      }
  89          
  90          
  91          void senddata()
  92          {
  93   1        AT_Send_String("AT+CIPSTART=\"TCP\",\"192.168.6.10\",8080\r\n"); //服务器的设置端口
  94   1        Delay_ms(1000);
  95   1        AT_Send_String("AT+CIPMODE=1\r\n"); //开启透传
  96   1        Delay_ms(1000);
  97   1        AT_Send_String("AT+CIPSEND\r\n"); //进入透传模式
  98   1        Delay_ms(1000);
  99   1        AT_Send_String("OK"); //发送OK
 100   1        Delay_ms(1000);
 101   1        AT_Send_String("qingsong\r\n"); //服务器的设置端口数据
 102   1        Delay_ms(1000);
 103   1      } 
 104          
 105          void InterruptUART() interrupt 4  //控制小灯开关 
 106          { 
 107   1              RI=0;        //清零
 108   1              dat= SBUF;    //收到的数据占存到SBUF中
 109   1          {
 110   2               if(dat=='o')
 111   2               {
 112   3                 led4=0;    
 113   3               }
 114   2           if(dat=='f')  
 115   2               {             
 116   3                  led4=1; 
C51 COMPILER V9.54   DEVICE                                                                12/30/2020 11:42:48 PAGE 3   

 117   3               }
 118   2      }
 119   1       }
 120          


MODULE INFORMATION:   STATIC OVERLAYABLE
   CODE SIZE        =    204    ----
   CONSTANT SIZE    =    171    ----
   XDATA SIZE       =   ----    ----
   PDATA SIZE       =   ----    ----
   DATA SIZE        =      1    ----
   IDATA SIZE       =   ----    ----
   BIT SIZE         =   ----    ----
END OF MODULE INFORMATION.


C51 COMPILATION COMPLETE.  0 WARNING(S),  0 ERROR(S)
