C51 COMPILER V9.60.0.0   DELAY                                                             08/13/2020 15:58:57 PAGE 1   


C51 COMPILER V9.60.0.0, COMPILATION OF MODULE DELAY
OBJECT MODULE PLACED IN .\Objects\delay.obj
COMPILER INVOKED BY: D:\Develop\KeilC51\C51\BIN\C51.EXE USER\delay.c OPTIMIZE(8,SPEED) BROWSE DEBUG OBJECTEXTEND PRINT(.
                    -\Listings\delay.lst) TABS(2) OBJECT(.\Objects\delay.obj)

line level    source

   1          #include "config.h"
   2          #include "delay.h"
   3          
   4          void delay_ms(unsigned int i)
   5          {
   6   1        unsigned int j,k;
   7   1        for(j=i;j>0;j--)
   8   1          for(k=118;k>0;k--);
   9   1      }
  10          /*us延时函数，执行一次US--所需6.5us进入一次函数需要11.95us*/
  11          void delay_us(uchar us)
  12          {
  13   1        while(us--);  
  14   1      }


MODULE INFORMATION:   STATIC OVERLAYABLE
   CODE SIZE        =     37    ----
   CONSTANT SIZE    =   ----    ----
   XDATA SIZE       =   ----    ----
   PDATA SIZE       =   ----    ----
   DATA SIZE        =   ----    ----
   IDATA SIZE       =   ----    ----
   BIT SIZE         =   ----    ----
END OF MODULE INFORMATION.


C51 COMPILATION COMPLETE.  0 WARNING(S),  0 ERROR(S)
