C51 COMPILER V9.60.0.0   ESP8266                                                           08/13/2020 15:58:57 PAGE 1   


C51 COMPILER V9.60.0.0, COMPILATION OF MODULE ESP8266
OBJECT MODULE PLACED IN .\Objects\esp8266.obj
COMPILER INVOKED BY: D:\Develop\KeilC51\C51\BIN\C51.EXE USER\esp8266.c OPTIMIZE(8,SPEED) BROWSE DEBUG OBJECTEXTEND PRINT
                    -(.\Listings\esp8266.lst) TABS(2) OBJECT(.\Objects\esp8266.obj)

line level    source

   1          #include "config.h"
   2          #include "esp8266.h"
   3          #include "delay.h"
   4          
   5          uint canSend = 0; //可以发送数据标志位
   6          unsigned char code str[][60]={
   7            {"AT+RST\r\n"},
   8            {"AT+CWMODE=1\r\n"},
   9            {"AT+CWMODE=2\r\n"},
  10            {"AT+CWMODE=3\r\n"},
  11            {"AT+CWJAP_DEF=\"Tenda_F90CF8\",\"1q2w3e4r5t233,.\"\r\n"},
  12            {"AT+CIPMUX=1\r\n"},
  13            {"AT+CIPSERVER=1,8080\r\n"},
  14            {"AT+CIPSTART=\"TCP\",\"192.168.0.101\",5678\r\n"},
  15            {"AT+CIPSEND=22\r\n"},
  16            {"AT+CIPCLOSE\r\n"}
  17          };
  18          
  19          //mode: 1:STA  2:AP  3:AP+STA
  20          void esp8266_init(char mode)
  21          {
  22   1        char i=0;
  23   1        if(mode==1)
  24   1        {
  25   2            TI = 1;//因为使用printf()或puts()前都应软件置位TI = 1；
  26   2            printf(str[1]);
  27   2            while(!TI);
  28   2            TI = 0;
  29   2            delay_ms(1000);
  30   2            
  31   2            TI = 1;
  32   2            printf(str[4]);
  33   2            while(!TI);
  34   2            TI = 0;
  35   2            delay_ms(1000);
  36   2        }
  37   1        else if(mode==2)
  38   1        {
  39   2            TI = 1;
  40   2            printf(str[2]);
  41   2            while(!TI);
  42   2            TI = 0;
  43   2            delay_ms(1000);
  44   2            
  45   2            TI = 1;
  46   2            printf(str[5]);
  47   2            while(!TI);
  48   2            TI = 0;
  49   2            delay_ms(1000);
  50   2            
  51   2            TI = 1;
  52   2            printf(str[6]);
  53   2            while(!TI);
  54   2            TI = 0;
C51 COMPILER V9.60.0.0   ESP8266                                                           08/13/2020 15:58:57 PAGE 2   

  55   2            delay_ms(1000);
  56   2        }
  57   1        else if(mode==3)
  58   1        {
  59   2          TI = 1;
  60   2          printf(str[3]);
  61   2          while(!TI);
  62   2          TI = 0;
  63   2          delay_ms(1000);
  64   2          
  65   2          TI = 1;
  66   2          printf(str[4]);
  67   2          while(!TI);
  68   2          TI = 0;
  69   2          delay_ms(1000);
  70   2          
  71   2          //暂时搞不懂 这里 循环多次手机壳已连接但不能发送数据 不循环的话可以发送数据但手机又不可以连接
  72   2          for(i=0;i<4;i++)
  73   2          {
  74   3            TI = 1;
  75   3            printf(str[5]);
  76   3            while(!TI);
  77   3            TI = 0;
  78   3            delay_ms(1000);
  79   3            
  80   3            TI = 1;
  81   3            printf(str[6]);
  82   3            while(!TI);
  83   3            TI = 0;
  84   3            delay_ms(1000);
  85   3          }
  86   2          
  87   2      //    TI = 1;
  88   2      //    printf(str[5]);
  89   2      //    while(!TI);
  90   2      //    TI = 0;
  91   2      //    delay_ms(1000);
  92   2      //    
  93   2      //    TI = 1;
  94   2      //    printf(str[6]);
  95   2      //    while(!TI);
  96   2      //    TI = 0;
  97   2      //    delay_ms(1000);
  98   2        }
  99   1        canSend = 1;
 100   1      }
 101          void sendJavaSocket(float val)
 102          {
 103   1        //测试连接TCP服务器并发送数据start
 104   1        TI = 1;
 105   1        printf(str[9]);
 106   1        while(!TI);
 107   1        TI = 0;
 108   1        delay_ms(20);
 109   1        
 110   1        TI = 1;
 111   1        printf(str[7]);
 112   1        while(!TI);
 113   1        TI = 0;
 114   1        delay_ms(20);
 115   1        
 116   1        TI = 1;
C51 COMPILER V9.60.0.0   ESP8266                                                           08/13/2020 15:58:57 PAGE 3   

 117   1        printf(str[8]);
 118   1        while(!TI);
 119   1        TI = 0;
 120   1        delay_ms(20);
 121   1        
 122   1        TI = 1;
 123   1        printf("采集到温度为：%.3f℃\n",val);
 124   1        while(!TI);
 125   1        TI = 0;
 126   1        delay_ms(50);
 127   1      
 128   1        TI = 1;
 129   1        printf(str[9]);
 130   1        while(!TI);
 131   1        TI = 0;
 132   1        delay_ms(20);
 133   1        //测试连接TCP服务器并发送数据end
 134   1      }
 135          
 136          uint canSendSatus()
 137          {
 138   1        if(canSend)
 139   1          return 1;
 140   1        else 
 141   1          return 0;
 142   1      }
 143          


MODULE INFORMATION:   STATIC OVERLAYABLE
   CODE SIZE        =    427    ----
   CONSTANT SIZE    =    622    ----
   XDATA SIZE       =   ----    ----
   PDATA SIZE       =   ----    ----
   DATA SIZE        =      2       6
   IDATA SIZE       =   ----    ----
   BIT SIZE         =   ----    ----
END OF MODULE INFORMATION.


C51 COMPILATION COMPLETE.  0 WARNING(S),  0 ERROR(S)
