C51 COMPILER V9.60.0.0   UART                                                              08/13/2020 15:58:57 PAGE 1   


C51 COMPILER V9.60.0.0, COMPILATION OF MODULE UART
OBJECT MODULE PLACED IN .\Objects\uart.obj
COMPILER INVOKED BY: D:\Develop\KeilC51\C51\BIN\C51.EXE USER\uart.c OPTIMIZE(8,SPEED) BROWSE DEBUG OBJECTEXTEND PRINT(.\
                    -Listings\uart.lst) TABS(2) OBJECT(.\Objects\uart.obj)

line level    source

   1          #include "config.h"
   2          #include "uart.h"
   3          
   4          //串口通讯初始化
   5          void initUart ()
   6          {
   7   1        EA = 1;//打开总中断
   8   1        ES = 1;//串口中断允许位
   9   1        SM0 = 0; SM1 = 1;//设置工作方式1 8位 波特率可变
  10   1        REN = 1;//允许接受控制位
  11   1        TR1 = 1;//定时器1
  12   1        TMOD |= 0X20;
  13   1        TH1 = 0xFD; TL1 = 0xFD; //设置9600的波特率
  14   1      }
  15          
  16          //定时器0初始化
  17          void timer0Init() 
  18          {
  19   1        EA = 1; //打开总中断
  20   1        ET0 = 1;//打开定时器0中断
  21   1        
  22   1        TR0 = 1;//启动定时器0
  23   1        TMOD |= 0x01;//定时器工作模式M0，16位定时器计数模式
  24   1        //固定定时50ms  如：50ms就是50000微秒 从芯片的晶振得知 执行一个语句的时间为1.085微秒 
  25   1        //50000/1.085得到得到定时是累加到 50000需要的次数 因为定时器累加到65535就会溢出 相当于一个周期 次时定时器
             -要软件清零
  26   1        //用65535-(50000/1.085) 得到应该要给的初始值 转为16进制数4BFD 高位(4B)/和低位(FD) 加上0x前缀即可
  27   1        TH0 = (65535- 46082) / 256;//高八位
  28   1        TL0 = (65535- 46082) % 256;//低八位
  29   1        
  30   1        
  31   1      }
  32          
  33          
  34          


MODULE INFORMATION:   STATIC OVERLAYABLE
   CODE SIZE        =     38    ----
   CONSTANT SIZE    =   ----    ----
   XDATA SIZE       =   ----    ----
   PDATA SIZE       =   ----    ----
   DATA SIZE        =   ----    ----
   IDATA SIZE       =   ----    ----
   BIT SIZE         =   ----    ----
END OF MODULE INFORMATION.


C51 COMPILATION COMPLETE.  0 WARNING(S),  0 ERROR(S)
